[0.073s] DEBUG:colcon:Command line arguments: ['/usr/bin/colcon', 'build']
[0.074s] DEBUG:colcon:Parsed command line arguments: Namespace(log_base=None, log_level=None, verb_name='build', build_base='build', install_base='install', merge_install=False, symlink_install=False, test_result_base=None, continue_on_error=False, executor='parallel', parallel_workers=14, event_handlers=None, ignore_user_meta=False, metas=['./colcon.meta'], base_paths=['.'], packages_ignore=None, packages_ignore_regex=None, paths=None, packages_up_to=None, packages_up_to_regex=None, packages_above=None, packages_above_and_dependencies=None, packages_above_depth=None, packages_select_by_dep=None, packages_skip_by_dep=None, packages_skip_up_to=None, packages_select_build_failed=False, packages_skip_build_finished=False, packages_select_test_failures=False, packages_skip_test_passed=False, packages_select=None, packages_skip=None, packages_select_regex=None, packages_skip_regex=None, packages_start=None, packages_end=None, allow_overriding=[], cmake_args=None, cmake_target=None, cmake_target_skip_unavailable=False, cmake_clean_cache=False, cmake_clean_first=False, cmake_force_configure=False, ament_cmake_args=None, catkin_cmake_args=None, catkin_skip_building_tests=False, mixin_files=None, mixin=None, verb_parser=<colcon_mixin.mixin.mixin_argument.MixinArgumentDecorator object at 0x74516a3bc6a0>, verb_extension=<colcon_core.verb.build.BuildVerb object at 0x74516a4b5d20>, main=<bound method BuildVerb.main of <colcon_core.verb.build.BuildVerb object at 0x74516a4b5d20>>, mixin_verb=('build',))
[0.186s] Level 1:colcon.colcon_core.package_discovery:discover_packages(colcon_meta) check parameters
[0.186s] Level 1:colcon.colcon_core.package_discovery:discover_packages(recursive) check parameters
[0.186s] Level 1:colcon.colcon_core.package_discovery:discover_packages(ignore) check parameters
[0.186s] Level 1:colcon.colcon_core.package_discovery:discover_packages(path) check parameters
[0.186s] Level 1:colcon.colcon_core.package_discovery:discover_packages(colcon_meta) discover
[0.186s] Level 1:colcon.colcon_core.package_discovery:discover_packages(recursive) discover
[0.186s] INFO:colcon.colcon_core.package_discovery:Crawling recursively for packages in '/home/ssu/development/cup-stack/server'
[0.186s] Level 1:colcon.colcon_core.package_identification:_identify(.) by extensions ['ignore', 'ignore_ament_install']
[0.186s] Level 1:colcon.colcon_core.package_identification:_identify(.) by extension 'ignore'
[0.186s] Level 1:colcon.colcon_core.package_identification:_identify(.) by extension 'ignore_ament_install'
[0.186s] Level 1:colcon.colcon_core.package_identification:_identify(.) by extensions ['colcon_pkg']
[0.186s] Level 1:colcon.colcon_core.package_identification:_identify(.) by extension 'colcon_pkg'
[0.186s] Level 1:colcon.colcon_core.package_identification:_identify(.) by extensions ['colcon_meta']
[0.186s] Level 1:colcon.colcon_core.package_identification:_identify(.) by extension 'colcon_meta'
[0.186s] Level 1:colcon.colcon_core.package_identification:_identify(.) by extensions ['ros']
[0.186s] Level 1:colcon.colcon_core.package_identification:_identify(.) by extension 'ros'
[0.205s] Level 1:colcon.colcon_core.package_identification:_identify(.) by extensions ['cmake', 'python']
[0.205s] Level 1:colcon.colcon_core.package_identification:_identify(.) by extension 'cmake'
[0.205s] Level 1:colcon.colcon_core.package_identification:_identify(.) by extension 'python'
[0.205s] Level 1:colcon.colcon_core.package_identification:_identify(.) by extensions ['python_setup_py']
[0.205s] Level 1:colcon.colcon_core.package_identification:_identify(.) by extension 'python_setup_py'
[0.205s] Level 1:colcon.colcon_core.package_identification:_identify(__pycache__) by extensions ['ignore', 'ignore_ament_install']
[0.205s] Level 1:colcon.colcon_core.package_identification:_identify(__pycache__) by extension 'ignore'
[0.205s] Level 1:colcon.colcon_core.package_identification:_identify(__pycache__) by extension 'ignore_ament_install'
[0.205s] Level 1:colcon.colcon_core.package_identification:_identify(__pycache__) by extensions ['colcon_pkg']
[0.205s] Level 1:colcon.colcon_core.package_identification:_identify(__pycache__) by extension 'colcon_pkg'
[0.205s] Level 1:colcon.colcon_core.package_identification:_identify(__pycache__) by extensions ['colcon_meta']
[0.205s] Level 1:colcon.colcon_core.package_identification:_identify(__pycache__) by extension 'colcon_meta'
[0.206s] Level 1:colcon.colcon_core.package_identification:_identify(__pycache__) by extensions ['ros']
[0.206s] Level 1:colcon.colcon_core.package_identification:_identify(__pycache__) by extension 'ros'
[0.206s] Level 1:colcon.colcon_core.package_identification:_identify(__pycache__) by extensions ['cmake', 'python']
[0.206s] Level 1:colcon.colcon_core.package_identification:_identify(__pycache__) by extension 'cmake'
[0.206s] Level 1:colcon.colcon_core.package_identification:_identify(__pycache__) by extension 'python'
[0.206s] Level 1:colcon.colcon_core.package_identification:_identify(__pycache__) by extensions ['python_setup_py']
[0.206s] Level 1:colcon.colcon_core.package_identification:_identify(__pycache__) by extension 'python_setup_py'
[0.206s] Level 1:colcon.colcon_core.package_identification:_identify(build) by extensions ['ignore', 'ignore_ament_install']
[0.206s] Level 1:colcon.colcon_core.package_identification:_identify(build) by extension 'ignore'
[0.206s] Level 1:colcon.colcon_core.package_identification:_identify(build) ignored
[0.206s] Level 1:colcon.colcon_core.package_identification:_identify(cloudflared) by extensions ['ignore', 'ignore_ament_install']
[0.206s] Level 1:colcon.colcon_core.package_identification:_identify(cloudflared) by extension 'ignore'
[0.206s] Level 1:colcon.colcon_core.package_identification:_identify(cloudflared) by extension 'ignore_ament_install'
[0.206s] Level 1:colcon.colcon_core.package_identification:_identify(cloudflared) by extensions ['colcon_pkg']
[0.206s] Level 1:colcon.colcon_core.package_identification:_identify(cloudflared) by extension 'colcon_pkg'
[0.206s] Level 1:colcon.colcon_core.package_identification:_identify(cloudflared) by extensions ['colcon_meta']
[0.206s] Level 1:colcon.colcon_core.package_identification:_identify(cloudflared) by extension 'colcon_meta'
[0.206s] Level 1:colcon.colcon_core.package_identification:_identify(cloudflared) by extensions ['ros']
[0.206s] Level 1:colcon.colcon_core.package_identification:_identify(cloudflared) by extension 'ros'
[0.206s] Level 1:colcon.colcon_core.package_identification:_identify(cloudflared) by extensions ['cmake', 'python']
[0.206s] Level 1:colcon.colcon_core.package_identification:_identify(cloudflared) by extension 'cmake'
[0.206s] Level 1:colcon.colcon_core.package_identification:_identify(cloudflared) by extension 'python'
[0.206s] Level 1:colcon.colcon_core.package_identification:_identify(cloudflared) by extensions ['python_setup_py']
[0.206s] Level 1:colcon.colcon_core.package_identification:_identify(cloudflared) by extension 'python_setup_py'
[0.206s] Level 1:colcon.colcon_core.package_identification:_identify(install) by extensions ['ignore', 'ignore_ament_install']
[0.206s] Level 1:colcon.colcon_core.package_identification:_identify(install) by extension 'ignore'
[0.206s] Level 1:colcon.colcon_core.package_identification:_identify(install) ignored
[0.206s] Level 1:colcon.colcon_core.package_identification:_identify(log) by extensions ['ignore', 'ignore_ament_install']
[0.206s] Level 1:colcon.colcon_core.package_identification:_identify(log) by extension 'ignore'
[0.206s] Level 1:colcon.colcon_core.package_identification:_identify(log) ignored
[0.206s] Level 1:colcon.colcon_core.package_identification:_identify(nginx) by extensions ['ignore', 'ignore_ament_install']
[0.206s] Level 1:colcon.colcon_core.package_identification:_identify(nginx) by extension 'ignore'
[0.206s] Level 1:colcon.colcon_core.package_identification:_identify(nginx) by extension 'ignore_ament_install'
[0.206s] Level 1:colcon.colcon_core.package_identification:_identify(nginx) by extensions ['colcon_pkg']
[0.206s] Level 1:colcon.colcon_core.package_identification:_identify(nginx) by extension 'colcon_pkg'
[0.206s] Level 1:colcon.colcon_core.package_identification:_identify(nginx) by extensions ['colcon_meta']
[0.206s] Level 1:colcon.colcon_core.package_identification:_identify(nginx) by extension 'colcon_meta'
[0.206s] Level 1:colcon.colcon_core.package_identification:_identify(nginx) by extensions ['ros']
[0.206s] Level 1:colcon.colcon_core.package_identification:_identify(nginx) by extension 'ros'
[0.206s] Level 1:colcon.colcon_core.package_identification:_identify(nginx) by extensions ['cmake', 'python']
[0.206s] Level 1:colcon.colcon_core.package_identification:_identify(nginx) by extension 'cmake'
[0.206s] Level 1:colcon.colcon_core.package_identification:_identify(nginx) by extension 'python'
[0.206s] Level 1:colcon.colcon_core.package_identification:_identify(nginx) by extensions ['python_setup_py']
[0.206s] Level 1:colcon.colcon_core.package_identification:_identify(nginx) by extension 'python_setup_py'
[0.206s] Level 1:colcon.colcon_core.package_identification:_identify(server) by extensions ['ignore', 'ignore_ament_install']
[0.206s] Level 1:colcon.colcon_core.package_identification:_identify(server) by extension 'ignore'
[0.206s] Level 1:colcon.colcon_core.package_identification:_identify(server) by extension 'ignore_ament_install'
[0.207s] Level 1:colcon.colcon_core.package_identification:_identify(server) by extensions ['colcon_pkg']
[0.207s] Level 1:colcon.colcon_core.package_identification:_identify(server) by extension 'colcon_pkg'
[0.207s] Level 1:colcon.colcon_core.package_identification:_identify(server) by extensions ['colcon_meta']
[0.207s] Level 1:colcon.colcon_core.package_identification:_identify(server) by extension 'colcon_meta'
[0.207s] Level 1:colcon.colcon_core.package_identification:_identify(server) by extensions ['ros']
[0.207s] Level 1:colcon.colcon_core.package_identification:_identify(server) by extension 'ros'
[0.207s] Level 1:colcon.colcon_core.package_identification:_identify(server) by extensions ['cmake', 'python']
[0.207s] Level 1:colcon.colcon_core.package_identification:_identify(server) by extension 'cmake'
[0.207s] Level 1:colcon.colcon_core.package_identification:_identify(server) by extension 'python'
[0.207s] Level 1:colcon.colcon_core.package_identification:_identify(server) by extensions ['python_setup_py']
[0.207s] Level 1:colcon.colcon_core.package_identification:_identify(server) by extension 'python_setup_py'
[0.207s] Level 1:colcon.colcon_core.package_identification:_identify(server/domains) by extensions ['ignore', 'ignore_ament_install']
[0.207s] Level 1:colcon.colcon_core.package_identification:_identify(server/domains) by extension 'ignore'
[0.207s] Level 1:colcon.colcon_core.package_identification:_identify(server/domains) by extension 'ignore_ament_install'
[0.207s] Level 1:colcon.colcon_core.package_identification:_identify(server/domains) by extensions ['colcon_pkg']
[0.207s] Level 1:colcon.colcon_core.package_identification:_identify(server/domains) by extension 'colcon_pkg'
[0.207s] Level 1:colcon.colcon_core.package_identification:_identify(server/domains) by extensions ['colcon_meta']
[0.207s] Level 1:colcon.colcon_core.package_identification:_identify(server/domains) by extension 'colcon_meta'
[0.207s] Level 1:colcon.colcon_core.package_identification:_identify(server/domains) by extensions ['ros']
[0.207s] Level 1:colcon.colcon_core.package_identification:_identify(server/domains) by extension 'ros'
[0.207s] Level 1:colcon.colcon_core.package_identification:_identify(server/domains) by extensions ['cmake', 'python']
[0.207s] Level 1:colcon.colcon_core.package_identification:_identify(server/domains) by extension 'cmake'
[0.207s] Level 1:colcon.colcon_core.package_identification:_identify(server/domains) by extension 'python'
[0.207s] Level 1:colcon.colcon_core.package_identification:_identify(server/domains) by extensions ['python_setup_py']
[0.207s] Level 1:colcon.colcon_core.package_identification:_identify(server/domains) by extension 'python_setup_py'
[0.207s] Level 1:colcon.colcon_core.package_identification:_identify(server/entrypoints) by extensions ['ignore', 'ignore_ament_install']
[0.207s] Level 1:colcon.colcon_core.package_identification:_identify(server/entrypoints) by extension 'ignore'
[0.207s] Level 1:colcon.colcon_core.package_identification:_identify(server/entrypoints) by extension 'ignore_ament_install'
[0.207s] Level 1:colcon.colcon_core.package_identification:_identify(server/entrypoints) by extensions ['colcon_pkg']
[0.207s] Level 1:colcon.colcon_core.package_identification:_identify(server/entrypoints) by extension 'colcon_pkg'
[0.207s] Level 1:colcon.colcon_core.package_identification:_identify(server/entrypoints) by extensions ['colcon_meta']
[0.207s] Level 1:colcon.colcon_core.package_identification:_identify(server/entrypoints) by extension 'colcon_meta'
[0.207s] Level 1:colcon.colcon_core.package_identification:_identify(server/entrypoints) by extensions ['ros']
[0.207s] Level 1:colcon.colcon_core.package_identification:_identify(server/entrypoints) by extension 'ros'
[0.207s] Level 1:colcon.colcon_core.package_identification:_identify(server/entrypoints) by extensions ['cmake', 'python']
[0.207s] Level 1:colcon.colcon_core.package_identification:_identify(server/entrypoints) by extension 'cmake'
[0.207s] Level 1:colcon.colcon_core.package_identification:_identify(server/entrypoints) by extension 'python'
[0.207s] Level 1:colcon.colcon_core.package_identification:_identify(server/entrypoints) by extensions ['python_setup_py']
[0.207s] Level 1:colcon.colcon_core.package_identification:_identify(server/entrypoints) by extension 'python_setup_py'
[0.207s] Level 1:colcon.colcon_core.package_identification:_identify(server/ros) by extensions ['ignore', 'ignore_ament_install']
[0.208s] Level 1:colcon.colcon_core.package_identification:_identify(server/ros) by extension 'ignore'
[0.208s] Level 1:colcon.colcon_core.package_identification:_identify(server/ros) by extension 'ignore_ament_install'
[0.208s] Level 1:colcon.colcon_core.package_identification:_identify(server/ros) by extensions ['colcon_pkg']
[0.208s] Level 1:colcon.colcon_core.package_identification:_identify(server/ros) by extension 'colcon_pkg'
[0.208s] Level 1:colcon.colcon_core.package_identification:_identify(server/ros) by extensions ['colcon_meta']
[0.208s] Level 1:colcon.colcon_core.package_identification:_identify(server/ros) by extension 'colcon_meta'
[0.208s] Level 1:colcon.colcon_core.package_identification:_identify(server/ros) by extensions ['ros']
[0.208s] Level 1:colcon.colcon_core.package_identification:_identify(server/ros) by extension 'ros'
[0.208s] Level 1:colcon.colcon_core.package_identification:_identify(server/ros) by extensions ['cmake', 'python']
[0.208s] Level 1:colcon.colcon_core.package_identification:_identify(server/ros) by extension 'cmake'
[0.208s] Level 1:colcon.colcon_core.package_identification:_identify(server/ros) by extension 'python'
[0.208s] Level 1:colcon.colcon_core.package_identification:_identify(server/ros) by extensions ['python_setup_py']
[0.208s] Level 1:colcon.colcon_core.package_identification:_identify(server/ros) by extension 'python_setup_py'
[0.208s] Level 1:colcon.colcon_core.package_identification:_identify(server/routers) by extensions ['ignore', 'ignore_ament_install']
[0.208s] Level 1:colcon.colcon_core.package_identification:_identify(server/routers) by extension 'ignore'
[0.208s] Level 1:colcon.colcon_core.package_identification:_identify(server/routers) by extension 'ignore_ament_install'
[0.208s] Level 1:colcon.colcon_core.package_identification:_identify(server/routers) by extensions ['colcon_pkg']
[0.208s] Level 1:colcon.colcon_core.package_identification:_identify(server/routers) by extension 'colcon_pkg'
[0.208s] Level 1:colcon.colcon_core.package_identification:_identify(server/routers) by extensions ['colcon_meta']
[0.208s] Level 1:colcon.colcon_core.package_identification:_identify(server/routers) by extension 'colcon_meta'
[0.208s] Level 1:colcon.colcon_core.package_identification:_identify(server/routers) by extensions ['ros']
[0.208s] Level 1:colcon.colcon_core.package_identification:_identify(server/routers) by extension 'ros'
[0.208s] Level 1:colcon.colcon_core.package_identification:_identify(server/routers) by extensions ['cmake', 'python']
[0.208s] Level 1:colcon.colcon_core.package_identification:_identify(server/routers) by extension 'cmake'
[0.208s] Level 1:colcon.colcon_core.package_identification:_identify(server/routers) by extension 'python'
[0.208s] Level 1:colcon.colcon_core.package_identification:_identify(server/routers) by extensions ['python_setup_py']
[0.208s] Level 1:colcon.colcon_core.package_identification:_identify(server/routers) by extension 'python_setup_py'
[0.208s] Level 1:colcon.colcon_core.package_identification:_identify(server/services) by extensions ['ignore', 'ignore_ament_install']
[0.208s] Level 1:colcon.colcon_core.package_identification:_identify(server/services) by extension 'ignore'
[0.208s] Level 1:colcon.colcon_core.package_identification:_identify(server/services) by extension 'ignore_ament_install'
[0.208s] Level 1:colcon.colcon_core.package_identification:_identify(server/services) by extensions ['colcon_pkg']
[0.208s] Level 1:colcon.colcon_core.package_identification:_identify(server/services) by extension 'colcon_pkg'
[0.208s] Level 1:colcon.colcon_core.package_identification:_identify(server/services) by extensions ['colcon_meta']
[0.208s] Level 1:colcon.colcon_core.package_identification:_identify(server/services) by extension 'colcon_meta'
[0.208s] Level 1:colcon.colcon_core.package_identification:_identify(server/services) by extensions ['ros']
[0.208s] Level 1:colcon.colcon_core.package_identification:_identify(server/services) by extension 'ros'
[0.208s] Level 1:colcon.colcon_core.package_identification:_identify(server/services) by extensions ['cmake', 'python']
[0.208s] Level 1:colcon.colcon_core.package_identification:_identify(server/services) by extension 'cmake'
[0.208s] Level 1:colcon.colcon_core.package_identification:_identify(server/services) by extension 'python'
[0.208s] Level 1:colcon.colcon_core.package_identification:_identify(server/services) by extensions ['python_setup_py']
[0.208s] Level 1:colcon.colcon_core.package_identification:_identify(server/services) by extension 'python_setup_py'
[0.208s] Level 1:colcon.colcon_core.package_discovery:discover_packages(recursive) using defaults
[0.208s] Level 1:colcon.colcon_core.package_discovery:discover_packages(ignore) discover
[0.208s] Level 1:colcon.colcon_core.package_discovery:discover_packages(ignore) using defaults
[0.208s] Level 1:colcon.colcon_core.package_discovery:discover_packages(path) discover
[0.208s] Level 1:colcon.colcon_core.package_discovery:discover_packages(path) using defaults
[0.227s] Level 1:colcon.colcon_core.package_discovery:discover_packages(prefix_path) check parameters
[0.228s] Level 1:colcon.colcon_core.package_discovery:discover_packages(prefix_path) discover
[0.229s] DEBUG:colcon.colcon_installed_package_information.package_discovery:Found 2 installed packages in /home/ssu/development/cup-stack/ros2-cup-stack/ros2/install
[0.230s] DEBUG:colcon.colcon_installed_package_information.package_discovery:Found 0 installed packages in /home/ssu/install
[0.230s] DEBUG:colcon.colcon_installed_package_information.package_discovery:Found 23 installed packages in /home/ssu/ros2_ws/install
[0.231s] DEBUG:colcon.colcon_installed_package_information.package_discovery:Found 56 installed packages in /home/ssu/ws_moveit/install
[0.231s] DEBUG:colcon.colcon_installed_package_information.package_discovery:Found 400 installed packages in /opt/ros/humble
[0.232s] Level 1:colcon.colcon_core.package_discovery:discover_packages(prefix_path) using defaults
[0.257s] INFO:colcon.colcon_core.executor:Executing jobs using 'parallel' executor
[0.258s] DEBUG:colcon.colcon_parallel_executor.executor.parallel:run_until_complete
[0.258s] DEBUG:colcon.colcon_parallel_executor.executor.parallel:closing loop
[0.258s] DEBUG:colcon.colcon_parallel_executor.executor.parallel:loop closed
[0.258s] DEBUG:colcon.colcon_parallel_executor.executor.parallel:run_until_complete finished with '0'
[0.258s] DEBUG:colcon.colcon_core.event_reactor:joining thread
[0.271s] INFO:colcon.colcon_core.plugin_system:Skipping extension 'colcon_notification.desktop_notification.terminal_notifier': Not used on non-Darwin systems
[0.271s] INFO:colcon.colcon_core.plugin_system:Skipping extension 'colcon_notification.desktop_notification.win32': Not used on non-Windows systems
[0.271s] INFO:colcon.colcon_notification.desktop_notification:Sending desktop notification using 'notify2'
[0.280s] DEBUG:colcon.colcon_core.event_reactor:joined thread
[0.281s] INFO:colcon.colcon_core.plugin_system:Skipping extension 'colcon_core.shell.bat': Not used on non-Windows systems
[0.281s] INFO:colcon.colcon_core.shell:Creating prefix script '/home/ssu/development/cup-stack/server/install/local_setup.ps1'
[0.282s] INFO:colcon.colcon_core.shell:Creating prefix util module '/home/ssu/development/cup-stack/server/install/_local_setup_util_ps1.py'
[0.283s] INFO:colcon.colcon_core.shell:Creating prefix chain script '/home/ssu/development/cup-stack/server/install/setup.ps1'
[0.284s] INFO:colcon.colcon_core.shell:Creating prefix script '/home/ssu/development/cup-stack/server/install/local_setup.sh'
[0.284s] INFO:colcon.colcon_core.shell:Creating prefix util module '/home/ssu/development/cup-stack/server/install/_local_setup_util_sh.py'
[0.285s] INFO:colcon.colcon_core.shell:Creating prefix chain script '/home/ssu/development/cup-stack/server/install/setup.sh'
[0.286s] INFO:colcon.colcon_core.shell:Creating prefix script '/home/ssu/development/cup-stack/server/install/local_setup.bash'
[0.286s] INFO:colcon.colcon_core.shell:Creating prefix chain script '/home/ssu/development/cup-stack/server/install/setup.bash'
[0.287s] INFO:colcon.colcon_core.shell:Creating prefix script '/home/ssu/development/cup-stack/server/install/local_setup.zsh'
[0.288s] INFO:colcon.colcon_core.shell:Creating prefix chain script '/home/ssu/development/cup-stack/server/install/setup.zsh'
